<?xml version="1.0" encoding="UTF-8"?>
<testsuite xmlns:xsi="http://www.w3.org/2001/XMLSchema-instance" xsi:noNamespaceSchemaLocation="https://maven.apache.org/surefire/maven-surefire-plugin/xsd/surefire-test-report.xsd" name="com.tests.ArrMaxFinderTest" time="0.021" tests="5" errors="0" skipped="0" failures="5">
  <properties>
[...]
</properties>
  <testcase name="test1" classname="com.tests.ArrMaxFinderTest" time="0.006">
    <failure message="expected:&lt;5&gt; but was:&lt;1&gt;" type="java.lang.AssertionError"><![CDATA[java.lang.AssertionError: expected:<5> but was:<1>
	at com.tests.ArrMaxFinderTest.test1(ArrMaxFinderTest.java:9)
]]></failure>
  </testcase>
  <testcase name="test2" classname="com.tests.ArrMaxFinderTest" time="0">
    <failure message="expected:&lt;100&gt; but was:&lt;1&gt;" type="java.lang.AssertionError"><![CDATA[java.lang.AssertionError: expected:<100> but was:<1>
	at com.tests.ArrMaxFinderTest.test2(ArrMaxFinderTest.java:10)
]]></failure>
  </testcase>
  <testcase name="test3" classname="com.tests.ArrMaxFinderTest" time="0">
    <failure message="expected:&lt;-1&gt; but was:&lt;1&gt;" type="java.lang.AssertionError"><![CDATA[java.lang.AssertionError: expected:<-1> but was:<1>
	at com.tests.ArrMaxFinderTest.test3(ArrMaxFinderTest.java:11)
]]></failure>
  </testcase>
  <testcase name="test4" classname="com.tests.ArrMaxFinderTest" time="0.001">
    <failure message="expected:&lt;0&gt; but was:&lt;1&gt;" type="java.lang.AssertionError"><![CDATA[java.lang.AssertionError: expected:<0> but was:<1>
	at com.tests.ArrMaxFinderTest.test4(ArrMaxFinderTest.java:12)
]]></failure>
  </testcase>
  <testcase name="test5" classname="com.tests.ArrMaxFinderTest" time="0">
    <failure message="expected:&lt;999&gt; but was:&lt;1&gt;" type="java.lang.AssertionError"><![CDATA[java.lang.AssertionError: expected:<999> but was:<1>
	at com.tests.ArrMaxFinderTest.test5(ArrMaxFinderTest.java:13)
]]></failure>
  </testcase>
</testsuite>