<?xml version="1.0" encoding="UTF-8"?>
<testsuite xmlns:xsi="http://www.w3.org/2001/XMLSchema-instance" xsi:noNamespaceSchemaLocation="https://maven.apache.org/surefire/maven-surefire-plugin/xsd/surefire-test-report.xsd" name="com.tests.ArrMaxFinderTest" time="0.021" tests="5" errors="0" skipped="0" failures="5">
  <properties>
    <property name="java.specification.version" value="21"/>
    <property name="sun.cpu.isalist" value="amd64"/>
    <property name="sun.jnu.encoding" value="Cp1252"/>
    <property name="java.class.path" value="C:\Users\henny\projects\java\prueba2\target\test-classes;C:\Users\henny\projects\java\prueba2\target\classes;C:\Users\henny\.m2\repository\junit\junit\4.11\junit-4.11.jar;C:\Users\henny\.m2\repository\org\hamcrest\hamcrest-core\1.3\hamcrest-core-1.3.jar;"/>
    <property name="java.vm.vendor" value="Oracle Corporation"/>
    <property name="sun.arch.data.model" value="64"/>
    <property name="user.variant" value=""/>
    <property name="java.vendor.url" value="https://java.oracle.com/"/>
    <property name="user.timezone" value="America/La_Paz"/>
    <property name="os.name" value="Windows 11"/>
    <property name="java.vm.specification.version" value="21"/>
    <property name="sun.java.launcher" value="SUN_STANDARD"/>
    <property name="user.country" value="PE"/>
    <property name="sun.boot.library.path" value="C:\Program Files\Java\jdk-21\bin"/>
    <property name="sun.java.command" value="C:\Users\henny\AppData\Local\Temp\surefire7097257224800209649\surefirebooter3309137503029263504.jar C:\Users\henny\AppData\Local\Temp\surefire7097257224800209649 2025-07-29T16-28-08_916-jvmRun1 surefire14121889667472208499tmp surefire_012089727482512249310tmp"/>
    <property name="jdk.debug" value="release"/>
    <property name="surefire.test.class.path" value="C:\Users\henny\projects\java\prueba2\target\test-classes;C:\Users\henny\projects\java\prueba2\target\classes;C:\Users\henny\.m2\repository\junit\junit\4.11\junit-4.11.jar;C:\Users\henny\.m2\repository\org\hamcrest\hamcrest-core\1.3\hamcrest-core-1.3.jar;"/>
    <property name="sun.cpu.endian" value="little"/>
    <property name="user.home" value="C:\Users\henny"/>
    <property name="user.language" value="es"/>
    <property name="java.specification.vendor" value="Oracle Corporation"/>
    <property name="java.version.date" value="2025-04-15"/>
    <property name="java.home" value="C:\Program Files\Java\jdk-21"/>
    <property name="file.separator" value="\"/>
    <property name="basedir" value="C:\Users\henny\projects\java\prueba2"/>
    <property name="java.vm.compressedOopsMode" value="Zero based"/>
    <property name="line.separator" value="&#10;"/>
    <property name="java.vm.specification.vendor" value="Oracle Corporation"/>
    <property name="java.specification.name" value="Java Platform API Specification"/>
    <property name="surefire.real.class.path" value="C:\Users\henny\AppData\Local\Temp\surefire7097257224800209649\surefirebooter3309137503029263504.jar"/>
    <property name="user.script" value=""/>
    <property name="sun.management.compiler" value="HotSpot 64-Bit Tiered Compilers"/>
    <property name="java.runtime.version" value="21.0.7+8-LTS-245"/>
    <property name="user.name" value="henny"/>
    <property name="stdout.encoding" value="Cp1252"/>
    <property name="path.separator" value=";"/>
    <property name="os.version" value="10.0"/>
    <property name="java.runtime.name" value="Java(TM) SE Runtime Environment"/>
    <property name="file.encoding" value="UTF-8"/>
    <property name="java.vm.name" value="Java HotSpot(TM) 64-Bit Server VM"/>
    <property name="localRepository" value="C:\Users\henny\.m2\repository"/>
    <property name="java.vendor.url.bug" value="https://bugreport.java.com/bugreport/"/>
    <property name="java.io.tmpdir" value="C:\Users\henny\AppData\Local\Temp\"/>
    <property name="java.version" value="21.0.7"/>
    <property name="user.dir" value="C:\Users\henny\projects\java\prueba2"/>
    <property name="os.arch" value="amd64"/>
    <property name="java.vm.specification.name" value="Java Virtual Machine Specification"/>
    <property name="sun.os.patch.level" value=""/>
    <property name="native.encoding" value="Cp1252"/>
    <property name="java.library.path" value="C:\Program Files\Java\jdk-21\bin;C:\WINDOWS\Sun\Java\bin;C:\WINDOWS\system32;C:\WINDOWS;C:\openshift-client-windows;C:\Program Files (x86)\Common Files\Oracle\Java\java8path;C:\Program Files\Java\jdk-21;C:\ProgramData\Oracle\Java\javapath;C:\Oracle\Middleware\Oracle_Home\wlserver;C:\Program Files\Java\jdk-21\bin;C:\WINDOWS\system32;C:\WINDOWS;C:\WINDOWS\System32\Wbem;C:\WINDOWS\System32\WindowsPowerShell\v1.0\;C:\WINDOWS\System32\OpenSSH\;C:\Program Files\dotnet\;C:\Program Files\Azure Data Studio\bin;C:\Program Files\Microsoft SQL Server\150\Tools\Binn\;C:\Program Files\Microsoft SQL Server\Client SDK\ODBC\170\Tools\Binn\;C:\Program Files (x86)\Microsoft SQL Server\160\Tools\Binn\;C:\Program Files\Microsoft SQL Server\160\Tools\Binn\;C:\Program Files\Microsoft SQL Server\160\DTS\Binn\;C:\Program Files (x86)\Microsoft SQL Server\160\DTS\Binn\;C:\Program Files\NVIDIA Corporation\NVIDIA App\NvDLISR;C:\Program Files (x86)\Windows Kits\10\Windows Performance Toolkit\;C:\Program Files (x86)\NVIDIA Corporation\PhysX\Common;C:\Program Files\Neovide\;c:\Users\henny\AppData\Local\Programs\cursor\resources\app\bin;C:\Program Files\WezTerm;C:\Program Files\Microsoft SQL Server\160\DTS\Binn\;C:\Program Files\Process Lasso\;C:\Program Files\Git\cmd;C:\Program Files\Cloudflare\Cloudflare WARP\;C:\Program Files\CMake\bin;C:\openshift-client-windows;C:\Program Files\nodejs;C:\Program Files\Git\bin;C:\Users\henny\scoop\apps\ant\current\bin;C:\Oracle\Middleware\Oracle_Home\wlserver;C:\Program Files\Java\jdk-21\bin;C:\Users\henny\scoop\apps\openssl\current\bin;C:\Users\henny\scoop\apps\rustup\current\.cargo\bin;C:\Users\henny\scoop\apps\python\current\Scripts;C:\Users\henny\scoop\apps\python\current;C:\Users\henny\scoop\apps\maven\current\bin;C:\Users\henny\scoop\apps\nodejs\current\bin;C:\Users\henny\scoop\apps\nodejs\current;C:\Users\henny\scoop\apps\gcc\current\bin;C:\Users\henny\scoop\shims;C:\Users\henny\AppData\Local\Microsoft\WindowsApps;C:\Users\henny\AppData\Local\Programs\Microsoft VS Code\bin;C:\Program Files\Azure Data Studio\bin;C:\Program Files\JetBrains\IntelliJ IDEA 2025.1\bin;C:\Users\henny\AppData\Local\Microsoft\WinGet\Links;C:\Users\henny\AppData\Local\Programs\Ollama;C:\Users\henny\AppData\Local\Programs\cursor\resources\app\bin;."/>
    <property name="java.vm.info" value="mixed mode, sharing"/>
    <property name="stderr.encoding" value="Cp1252"/>
    <property name="java.vendor" value="Oracle Corporation"/>
    <property name="java.vm.version" value="21.0.7+8-LTS-245"/>
    <property name="sun.io.unicode.encoding" value="UnicodeLittle"/>
    <property name="java.class.version" value="65.0"/>
  </properties>
  <testcase name="test1" classname="com.tests.ArrMaxFinderTest" time="0.006">
    <failure message="expected:&lt;5&gt; but was:&lt;1&gt;" type="java.lang.AssertionError"><![CDATA[java.lang.AssertionError: expected:<5> but was:<1>
	at com.tests.ArrMaxFinderTest.test1(ArrMaxFinderTest.java:9)
]]></failure>
  </testcase>
  <testcase name="test2" classname="com.tests.ArrMaxFinderTest" time="0">
    <failure message="expected:&lt;100&gt; but was:&lt;1&gt;" type="java.lang.AssertionError"><![CDATA[java.lang.AssertionError: expected:<100> but was:<1>
	at com.tests.ArrMaxFinderTest.test2(ArrMaxFinderTest.java:10)
]]></failure>
  </testcase>
  <testcase name="test3" classname="com.tests.ArrMaxFinderTest" time="0">
    <failure message="expected:&lt;-1&gt; but was:&lt;1&gt;" type="java.lang.AssertionError"><![CDATA[java.lang.AssertionError: expected:<-1> but was:<1>
	at com.tests.ArrMaxFinderTest.test3(ArrMaxFinderTest.java:11)
]]></failure>
  </testcase>
  <testcase name="test4" classname="com.tests.ArrMaxFinderTest" time="0.001">
    <failure message="expected:&lt;0&gt; but was:&lt;1&gt;" type="java.lang.AssertionError"><![CDATA[java.lang.AssertionError: expected:<0> but was:<1>
	at com.tests.ArrMaxFinderTest.test4(ArrMaxFinderTest.java:12)
]]></failure>
  </testcase>
  <testcase name="test5" classname="com.tests.ArrMaxFinderTest" time="0">
    <failure message="expected:&lt;999&gt; but was:&lt;1&gt;" type="java.lang.AssertionError"><![CDATA[java.lang.AssertionError: expected:<999> but was:<1>
	at com.tests.ArrMaxFinderTest.test5(ArrMaxFinderTest.java:13)
]]></failure>
  </testcase>
</testsuite>